# Logfile created on 2016-04-21 20:11:32 +0300 by logger.rb/47272
D, [2016-04-21T20:18:37.968705 #16356] DEBUG -- :   [1m[36mUser Load (2.8ms)[0m  [1mSELECT  "users".* FROM "users" WHERE "users"."uid" = $1 LIMIT 1[0m  [["uid", 204545332]]
D, [2016-04-21T20:18:38.008492 #16356] DEBUG -- :   [1m[35m (0.4ms)[0m  BEGIN
D, [2016-04-21T20:18:38.015858 #16356] DEBUG -- :   [1m[36mSQL (0.9ms)[0m  [1mINSERT INTO "users" ("uid") VALUES ($1) RETURNING "id"[0m  [["uid", 204545332]]
D, [2016-04-21T20:18:38.029407 #16356] DEBUG -- :   [1m[35m (12.2ms)[0m  COMMIT
D, [2016-04-21T20:18:44.848626 #16356] DEBUG -- :   [1m[36mUser Load (0.3ms)[0m  [1mSELECT  "users".* FROM "users" WHERE "users"."uid" = $1 LIMIT 1[0m  [["uid", 204545332]]
D, [2016-04-21T20:19:23.053640 #16356] DEBUG -- :   [1m[35mUser Load (0.4ms)[0m  SELECT  "users".* FROM "users" WHERE "users"."uid" = $1 LIMIT 1  [["uid", 204545332]]
D, [2016-04-21T20:21:59.512467 #17105] DEBUG -- :   [1m[36mUser Load (0.4ms)[0m  [1mSELECT  "users".* FROM "users" WHERE "users"."uid" = $1 LIMIT 1[0m  [["uid", 204545332]]
D, [2016-04-21T20:22:01.748306 #17105] DEBUG -- :   [1m[35mUser Load (1.1ms)[0m  SELECT  "users".* FROM "users" WHERE "users"."uid" = $1 LIMIT 1  [["uid", 204545332]]
D, [2016-04-21T20:22:20.616121 #17266] DEBUG -- :   [1m[36mUser Load (1.0ms)[0m  [1mSELECT  "users".* FROM "users" WHERE "users"."uid" = $1 LIMIT 1[0m  [["uid", 204545332]]
D, [2016-04-21T20:22:41.240288 #17321] DEBUG -- :   [1m[36mUser Load (0.7ms)[0m  [1mSELECT  "users".* FROM "users" WHERE "users"."uid" = $1 LIMIT 1[0m  [["uid", 204545332]]
D, [2016-04-21T22:56:22.012539 #28670] DEBUG -- :   [1m[36mUser Load (0.6ms)[0m  [1mSELECT  "users".* FROM "users" WHERE "users"."uid" = $1 LIMIT 1[0m  [["uid", 204545332]]
D, [2016-04-21T22:56:39.355521 #28835] DEBUG -- :   [1m[36mUser Load (0.3ms)[0m  [1mSELECT  "users".* FROM "users" WHERE "users"."uid" = $1 LIMIT 1[0m  [["uid", 204545332]]
D, [2016-04-21T22:58:46.265581 #29399] DEBUG -- :   [1m[36mUser Load (0.4ms)[0m  [1mSELECT  "users".* FROM "users" WHERE "users"."uid" = $1 LIMIT 1[0m  [["uid", 204545332]]
D, [2016-04-21T23:04:49.649508 #30737] DEBUG -- :   [1m[36mUser Load (1.5ms)[0m  [1mSELECT  "users".* FROM "users" WHERE "users"."uid" = $1 LIMIT 1[0m  [["uid", 204545332]]
D, [2016-04-21T23:04:54.926555 #30737] DEBUG -- :   [1m[35mUser Load (0.3ms)[0m  SELECT  "users".* FROM "users" WHERE "users"."uid" = $1 LIMIT 1  [["uid", 204545332]]
D, [2016-04-21T23:06:45.618356 #31287] DEBUG -- :   [1m[36mUser Load (0.6ms)[0m  [1mSELECT  "users".* FROM "users" WHERE "users"."uid" = $1 LIMIT 1[0m  [["uid", 204545332]]
D, [2016-04-21T23:06:51.243736 #31287] DEBUG -- :   [1m[35mUser Load (0.9ms)[0m  SELECT  "users".* FROM "users" WHERE "users"."uid" = $1 LIMIT 1  [["uid", 204545332]]
D, [2016-04-21T23:07:13.630116 #31462] DEBUG -- :   [1m[36mUser Load (0.2ms)[0m  [1mSELECT  "users".* FROM "users" WHERE "users"."uid" = $1 LIMIT 1[0m  [["uid", 204545332]]
D, [2016-04-21T23:09:03.043706 #31691] DEBUG -- :   [1m[36mUser Load (0.9ms)[0m  [1mSELECT  "users".* FROM "users" WHERE "users"."uid" = $1 LIMIT 1[0m  [["uid", 204545332]]
D, [2016-04-21T23:09:07.348880 #31691] DEBUG -- :   [1m[35mUser Load (0.3ms)[0m  SELECT  "users".* FROM "users" WHERE "users"."uid" = $1 LIMIT 1  [["uid", 204545332]]
D, [2016-04-21T23:09:50.099404 #31904] DEBUG -- :   [1m[36mUser Load (0.2ms)[0m  [1mSELECT  "users".* FROM "users" WHERE "users"."uid" = $1 LIMIT 1[0m  [["uid", 204545332]]
D, [2016-04-21T23:14:31.131819 #32826] DEBUG -- :   [1m[36mUser Load (1.3ms)[0m  [1mSELECT  "users".* FROM "users" WHERE "users"."uid" = $1 LIMIT 1[0m  [["uid", 204545332]]
D, [2016-04-21T23:14:35.428164 #32826] DEBUG -- :   [1m[35mUser Load (0.5ms)[0m  SELECT  "users".* FROM "users" WHERE "users"."uid" = $1 LIMIT 1  [["uid", 204545332]]
D, [2016-04-21T23:15:06.079752 #33136] DEBUG -- :   [1m[36mUser Load (0.4ms)[0m  [1mSELECT  "users".* FROM "users" WHERE "users"."uid" = $1 LIMIT 1[0m  [["uid", 204545332]]
D, [2016-04-21T23:15:24.641566 #33163] DEBUG -- :   [1m[36mUser Load (0.2ms)[0m  [1mSELECT  "users".* FROM "users" WHERE "users"."uid" = $1 LIMIT 1[0m  [["uid", 204545332]]
D, [2016-04-21T23:16:00.093229 #33210] DEBUG -- :   [1m[36mUser Load (0.2ms)[0m  [1mSELECT  "users".* FROM "users" WHERE "users"."uid" = $1 LIMIT 1[0m  [["uid", 204545332]]
D, [2016-04-21T23:16:29.590742 #33402] DEBUG -- :   [1m[36mUser Load (0.5ms)[0m  [1mSELECT  "users".* FROM "users" WHERE "users"."uid" = $1 LIMIT 1[0m  [["uid", 204545332]]
D, [2016-04-21T23:16:56.453246 #33466] DEBUG -- :   [1m[36mUser Load (1.0ms)[0m  [1mSELECT  "users".* FROM "users" WHERE "users"."uid" = $1 LIMIT 1[0m  [["uid", 204545332]]
D, [2016-04-21T23:17:46.233151 #33661] DEBUG -- :   [1m[36mUser Load (0.4ms)[0m  [1mSELECT  "users".* FROM "users" WHERE "users"."uid" = $1 LIMIT 1[0m  [["uid", 204545332]]
D, [2016-04-21T23:21:46.122719 #34607] DEBUG -- :   [1m[36mUser Load (0.4ms)[0m  [1mSELECT  "users".* FROM "users" WHERE "users"."uid" = $1 LIMIT 1[0m  [["uid", 204545332]]
D, [2016-04-21T23:21:50.987884 #34607] DEBUG -- :   [1m[35mUser Load (0.3ms)[0m  SELECT  "users".* FROM "users" WHERE "users"."uid" = $1 LIMIT 1  [["uid", 204545332]]
D, [2016-04-21T23:22:45.087534 #34823] DEBUG -- :   [1m[36mUser Load (0.3ms)[0m  [1mSELECT  "users".* FROM "users" WHERE "users"."uid" = $1 LIMIT 1[0m  [["uid", 204545332]]
D, [2016-04-21T23:23:48.840846 #35003] DEBUG -- :   [1m[36mUser Load (1.1ms)[0m  [1mSELECT  "users".* FROM "users" WHERE "users"."uid" = $1 LIMIT 1[0m  [["uid", 204545332]]
D, [2016-04-21T23:23:54.218283 #35003] DEBUG -- :   [1m[35mUser Load (0.4ms)[0m  SELECT  "users".* FROM "users" WHERE "users"."uid" = $1 LIMIT 1  [["uid", 204545332]]
D, [2016-04-21T23:27:36.758341 #35763] DEBUG -- :   [1m[36mUser Load (0.3ms)[0m  [1mSELECT  "users".* FROM "users" WHERE "users"."uid" = $1 LIMIT 1[0m  [["uid", 204545332]]
D, [2016-04-21T23:27:40.885370 #35763] DEBUG -- :   [1m[35mUser Load (0.4ms)[0m  SELECT  "users".* FROM "users" WHERE "users"."uid" = $1 LIMIT 1  [["uid", 204545332]]
D, [2016-04-21T23:33:15.448989 #36980] DEBUG -- :   [1m[36mUser Load (1.0ms)[0m  [1mSELECT  "users".* FROM "users" WHERE "users"."uid" = $1 LIMIT 1[0m  [["uid", 204545332]]
D, [2016-04-21T23:34:17.707193 #37195] DEBUG -- :   [1m[36mUser Load (0.2ms)[0m  [1mSELECT  "users".* FROM "users" WHERE "users"."uid" = $1 LIMIT 1[0m  [["uid", 204545332]]
D, [2016-04-21T23:34:27.383680 #37212] DEBUG -- :   [1m[36mUser Load (0.3ms)[0m  [1mSELECT  "users".* FROM "users" WHERE "users"."uid" = $1 LIMIT 1[0m  [["uid", 204545332]]
D, [2016-04-21T23:34:56.822804 #37287] DEBUG -- :   [1m[36mUser Load (0.2ms)[0m  [1mSELECT  "users".* FROM "users" WHERE "users"."uid" = $1 LIMIT 1[0m  [["uid", 204545332]]
D, [2016-04-21T23:35:23.353321 #37596] DEBUG -- :   [1m[36mUser Load (0.3ms)[0m  [1mSELECT  "users".* FROM "users" WHERE "users"."uid" = $1 LIMIT 1[0m  [["uid", 204545332]]
D, [2016-04-21T23:35:45.348387 #37656] DEBUG -- :   [1m[36mUser Load (0.4ms)[0m  [1mSELECT  "users".* FROM "users" WHERE "users"."uid" = $1 LIMIT 1[0m  [["uid", 204545332]]
D, [2016-04-21T23:36:55.400426 #37850] DEBUG -- :   [1m[36mUser Load (0.3ms)[0m  [1mSELECT  "users".* FROM "users" WHERE "users"."uid" = $1 LIMIT 1[0m  [["uid", 204545332]]
D, [2016-04-21T23:37:01.461780 #37850] DEBUG -- :   [1m[35mUser Load (0.4ms)[0m  SELECT  "users".* FROM "users" WHERE "users"."uid" = $1 LIMIT 1  [["uid", 204545332]]
D, [2016-04-21T23:44:52.904746 #39630] DEBUG -- :   [1m[36mUser Load (0.4ms)[0m  [1mSELECT  "users".* FROM "users" WHERE "users"."uid" = $1 LIMIT 1[0m  [["uid", 204545332]]
D, [2016-04-21T23:46:32.124557 #40119] DEBUG -- :   [1m[36mUser Load (0.3ms)[0m  [1mSELECT  "users".* FROM "users" WHERE "users"."uid" = $1 LIMIT 1[0m  [["uid", 204545332]]
D, [2016-04-21T23:48:21.919463 #40429] DEBUG -- :   [1m[36mUser Load (0.4ms)[0m  [1mSELECT  "users".* FROM "users" WHERE "users"."uid" = $1 LIMIT 1[0m  [["uid", 204545332]]
D, [2016-04-21T23:48:29.346538 #40429] DEBUG -- :   [1m[35mUser Load (0.5ms)[0m  SELECT  "users".* FROM "users" WHERE "users"."uid" = $1 LIMIT 1  [["uid", 204545332]]
D, [2016-04-21T23:49:25.932113 #40611] DEBUG -- :   [1m[36mUser Load (0.4ms)[0m  [1mSELECT  "users".* FROM "users" WHERE "users"."uid" = $1 LIMIT 1[0m  [["uid", 204545332]]
D, [2016-04-21T23:49:27.994198 #40611] DEBUG -- :   [1m[35mUser Load (0.4ms)[0m  SELECT  "users".* FROM "users" WHERE "users"."uid" = $1 LIMIT 1  [["uid", 204545332]]
D, [2016-04-21T23:49:31.812176 #40611] DEBUG -- :   [1m[36mUser Load (0.3ms)[0m  [1mSELECT  "users".* FROM "users" WHERE "users"."uid" = $1 LIMIT 1[0m  [["uid", 204545332]]
D, [2016-04-21T23:49:45.561409 #40678] DEBUG -- :   [1m[36mUser Load (0.4ms)[0m  [1mSELECT  "users".* FROM "users" WHERE "users"."uid" = $1 LIMIT 1[0m  [["uid", 204545332]]
D, [2016-04-21T23:49:47.140123 #40678] DEBUG -- :   [1m[35mUser Load (0.4ms)[0m  SELECT  "users".* FROM "users" WHERE "users"."uid" = $1 LIMIT 1  [["uid", 204545332]]
D, [2016-04-21T23:49:50.256328 #40678] DEBUG -- :   [1m[36mUser Load (0.3ms)[0m  [1mSELECT  "users".* FROM "users" WHERE "users"."uid" = $1 LIMIT 1[0m  [["uid", 204545332]]
D, [2016-04-21T23:51:14.857064 #41173] DEBUG -- :   [1m[36mUser Load (0.3ms)[0m  [1mSELECT  "users".* FROM "users" WHERE "users"."uid" = $1 LIMIT 1[0m  [["uid", 204545332]]
D, [2016-04-22T10:22:34.066758 #51696] DEBUG -- :   [1m[36mUser Load (0.3ms)[0m  [1mSELECT  "users".* FROM "users" WHERE "users"."uid" = $1 LIMIT 1[0m  [["uid", 204545332]]
D, [2016-04-22T10:24:41.552142 #51696] DEBUG -- :   [1m[35mUser Load (0.6ms)[0m  SELECT  "users".* FROM "users" WHERE "users"."uid" = $1 LIMIT 1  [["uid", 204545332]]
D, [2016-04-22T10:25:14.669653 #52282] DEBUG -- :   [1m[36mUser Load (0.4ms)[0m  [1mSELECT  "users".* FROM "users" WHERE "users"."uid" = $1 LIMIT 1[0m  [["uid", 204545332]]
D, [2016-04-22T10:25:39.363769 #52327] DEBUG -- :   [1m[36mUser Load (0.2ms)[0m  [1mSELECT  "users".* FROM "users" WHERE "users"."uid" = $1 LIMIT 1[0m  [["uid", 204545332]]
D, [2016-04-22T10:26:02.022470 #52488] DEBUG -- :   [1m[36mUser Load (0.2ms)[0m  [1mSELECT  "users".* FROM "users" WHERE "users"."uid" = $1 LIMIT 1[0m  [["uid", 204545332]]
D, [2016-04-22T10:26:15.478014 #52542] DEBUG -- :   [1m[36mUser Load (0.4ms)[0m  [1mSELECT  "users".* FROM "users" WHERE "users"."uid" = $1 LIMIT 1[0m  [["uid", 204545332]]
D, [2016-04-22T10:26:19.958392 #52542] DEBUG -- :   [1m[35mUser Load (1.2ms)[0m  SELECT  "users".* FROM "users" WHERE "users"."uid" = $1 LIMIT 1  [["uid", 204545332]]
D, [2016-04-22T10:33:31.347107 #54362] DEBUG -- :   [1m[36mUser Load (0.3ms)[0m  [1mSELECT  "users".* FROM "users" WHERE "users"."id" = $1 LIMIT 1[0m  [["id", nil]]
D, [2016-04-22T10:37:33.203697 #55282] DEBUG -- :   [1m[36mUser Load (1.4ms)[0m  [1mSELECT  "users".* FROM "users" WHERE "users"."uid" = $1 LIMIT 1[0m  [["uid", 204545332]]
D, [2016-04-22T10:38:19.899725 #55510] DEBUG -- :   [1m[36mUser Load (0.2ms)[0m  [1mSELECT  "users".* FROM "users" WHERE "users"."uid" = $1 LIMIT 1[0m  [["uid", 204545332]]
D, [2016-04-22T10:40:11.947203 #56044] DEBUG -- :   [1m[36mUser Load (0.3ms)[0m  [1mSELECT  "users".* FROM "users" WHERE "users"."uid" = $1 LIMIT 1[0m  [["uid", 204545332]]
D, [2016-04-22T10:40:39.758107 #56095] DEBUG -- :   [1m[36mUser Load (0.3ms)[0m  [1mSELECT  "users".* FROM "users" WHERE "users"."uid" = $1 LIMIT 1[0m  [["uid", 204545332]]
D, [2016-04-22T10:41:15.852788 #56282] DEBUG -- :   [1m[36mUser Load (0.3ms)[0m  [1mSELECT  "users".* FROM "users" WHERE "users"."uid" = $1 LIMIT 1[0m  [["uid", 204545332]]
D, [2016-04-22T10:44:15.341215 #56839] DEBUG -- :   [1m[36mUser Load (0.3ms)[0m  [1mSELECT  "users".* FROM "users" WHERE "users"."uid" = $1 LIMIT 1[0m  [["uid", 204545332]]
D, [2016-04-22T10:49:08.957607 #57760] DEBUG -- :   [1m[36mUser Load (0.2ms)[0m  [1mSELECT  "users".* FROM "users" WHERE "users"."uid" = $1 LIMIT 1[0m  [["uid", 204545332]]
D, [2016-04-22T10:49:16.131656 #57760] DEBUG -- :   [1m[35mUser Load (0.8ms)[0m  SELECT  "users".* FROM "users" WHERE "users"."uid" = $1 LIMIT 1  [["uid", 204545332]]
D, [2016-04-22T10:49:17.448907 #57760] DEBUG -- :   [1m[36m (0.3ms)[0m  [1mBEGIN[0m
D, [2016-04-22T10:49:17.471595 #57760] DEBUG -- :   [1m[35mSQL (17.3ms)[0m  UPDATE "users" SET "instagram_token" = $1 WHERE "users"."id" = $2  [["instagram_token", 351569897], ["id", 1]]
D, [2016-04-22T10:49:17.478490 #57760] DEBUG -- :   [1m[36m (6.5ms)[0m  [1mCOMMIT[0m
D, [2016-04-22T10:49:30.741060 #57760] DEBUG -- :   [1m[35mUser Load (0.4ms)[0m  SELECT  "users".* FROM "users" WHERE "users"."uid" = $1 LIMIT 1  [["uid", 204545332]]
D, [2016-04-22T10:51:07.511876 #58268] DEBUG -- :   [1m[36mUser Load (1.3ms)[0m  [1mSELECT  "users".* FROM "users" WHERE "users"."uid" = $1 LIMIT 1[0m  [["uid", 204545332]]
D, [2016-04-22T10:51:07.520608 #58268] DEBUG -- :   [1m[35m (0.1ms)[0m  BEGIN
D, [2016-04-22T10:51:07.524808 #58268] DEBUG -- :   [1m[36mSQL (0.9ms)[0m  [1mINSERT INTO "users" ("uid") VALUES ($1) RETURNING "id"[0m  [["uid", 204545332]]
D, [2016-04-22T10:51:07.526338 #58268] DEBUG -- :   [1m[35m (0.6ms)[0m  COMMIT
D, [2016-04-22T10:51:11.537199 #58268] DEBUG -- :   [1m[36mUser Load (0.3ms)[0m  [1mSELECT  "users".* FROM "users" WHERE "users"."uid" = $1 LIMIT 1[0m  [["uid", 204545332]]
D, [2016-04-22T10:51:12.357310 #58268] DEBUG -- :   [1m[35m (0.1ms)[0m  BEGIN
D, [2016-04-22T10:51:12.358980 #58268] DEBUG -- :   [1m[36mSQL (0.2ms)[0m  [1mUPDATE "users" SET "instagram_token" = $1 WHERE "users"."id" = $2[0m  [["instagram_token", "351569897.40f62ee.47711425b2ce481f8294a41a170c47aa"], ["id", 1]]
D, [2016-04-22T10:51:12.359984 #58268] DEBUG -- :   [1m[35m (0.8ms)[0m  COMMIT
D, [2016-04-22T10:51:15.599301 #58268] DEBUG -- :   [1m[36mUser Load (0.3ms)[0m  [1mSELECT  "users".* FROM "users" WHERE "users"."uid" = $1 LIMIT 1[0m  [["uid", 204545332]]
D, [2016-04-22T10:51:41.022625 #58363] DEBUG -- :   [1m[36mUser Load (0.3ms)[0m  [1mSELECT  "users".* FROM "users" WHERE "users"."uid" = $1 LIMIT 1[0m  [["uid", 204545332]]
D, [2016-04-22T10:56:19.065214 #59275] DEBUG -- :   [1m[36mUser Load (0.4ms)[0m  [1mSELECT  "users".* FROM "users" WHERE "users"."uid" = $1 LIMIT 1[0m  [["uid", 204545332]]
D, [2016-04-22T10:56:57.687357 #59322] DEBUG -- :   [1m[36mUser Load (0.3ms)[0m  [1mSELECT  "users".* FROM "users" WHERE "users"."uid" = $1 LIMIT 1[0m  [["uid", 204545332]]
D, [2016-04-22T10:57:43.902851 #59494] DEBUG -- :   [1m[36mUser Load (0.3ms)[0m  [1mSELECT  "users".* FROM "users" WHERE "users"."uid" = $1 LIMIT 1[0m  [["uid", 204545332]]
D, [2016-04-22T10:58:30.320151 #59684] DEBUG -- :   [1m[36mUser Load (0.3ms)[0m  [1mSELECT  "users".* FROM "users" WHERE "users"."uid" = $1 LIMIT 1[0m  [["uid", 204545332]]
D, [2016-04-22T10:59:44.964807 #59895] DEBUG -- :   [1m[36mUser Load (0.2ms)[0m  [1mSELECT  "users".* FROM "users" WHERE "users"."uid" = $1 LIMIT 1[0m  [["uid", 204545332]]
D, [2016-04-22T11:00:26.169556 #60186] DEBUG -- :   [1m[36mUser Load (0.5ms)[0m  [1mSELECT  "users".* FROM "users" WHERE "users"."uid" = $1 LIMIT 1[0m  [["uid", 204545332]]
D, [2016-04-22T11:01:12.041041 #60186] DEBUG -- :   [1m[35mUser Load (0.5ms)[0m  SELECT  "users".* FROM "users" WHERE "users"."uid" = $1 LIMIT 1  [["uid", 204545332]]
D, [2016-04-22T11:04:28.451928 #60772] DEBUG -- :   [1m[36mUser Load (0.3ms)[0m  [1mSELECT  "users".* FROM "users" WHERE "users"."uid" = $1 LIMIT 1[0m  [["uid", 204545332]]
D, [2016-04-22T11:05:15.022947 #61079] DEBUG -- :   [1m[36mUser Load (0.6ms)[0m  [1mSELECT  "users".* FROM "users" WHERE "users"."uid" = $1 LIMIT 1[0m  [["uid", 204545332]]
D, [2016-04-22T11:10:09.756278 #62012] DEBUG -- :   [1m[36mUser Load (0.3ms)[0m  [1mSELECT  "users".* FROM "users" WHERE "users"."uid" = $1 LIMIT 1[0m  [["uid", 204545332]]
D, [2016-04-22T11:12:54.461504 #62338] DEBUG -- :   [1m[36mUser Load (0.3ms)[0m  [1mSELECT  "users".* FROM "users" WHERE "users"."uid" = $1 LIMIT 1[0m  [["uid", 204545332]]
D, [2016-04-22T11:13:24.818150 #62338] DEBUG -- :   [1m[35mUser Load (0.5ms)[0m  SELECT  "users".* FROM "users" WHERE "users"."uid" = $1 LIMIT 1  [["uid", 204545332]]
D, [2016-04-22T11:13:57.006966 #62338] DEBUG -- :   [1m[36mUser Load (0.4ms)[0m  [1mSELECT  "users".* FROM "users" WHERE "users"."uid" = $1 LIMIT 1[0m  [["uid", 204545332]]
D, [2016-04-22T11:13:58.747253 #62338] DEBUG -- :   [1m[35mUser Load (0.3ms)[0m  SELECT  "users".* FROM "users" WHERE "users"."uid" = $1 LIMIT 1  [["uid", 204545332]]
D, [2016-04-22T11:15:40.113946 #62983] DEBUG -- :   [1m[36mUser Load (0.3ms)[0m  [1mSELECT  "users".* FROM "users" WHERE "users"."uid" = $1 LIMIT 1[0m  [["uid", 204545332]]
D, [2016-04-22T11:18:07.335915 #63375] DEBUG -- :   [1m[36mUser Load (0.3ms)[0m  [1mSELECT  "users".* FROM "users" WHERE "users"."uid" = $1 LIMIT 1[0m  [["uid", 204545332]]
D, [2016-04-22T11:24:12.454325 #64521] DEBUG -- :   [1m[36mUser Load (0.2ms)[0m  [1mSELECT  "users".* FROM "users" WHERE "users"."uid" = $1 LIMIT 1[0m  [["uid", 204545332]]
D, [2016-04-22T11:28:54.917064 #65269] DEBUG -- :   [1m[36mUser Load (0.7ms)[0m  [1mSELECT  "users".* FROM "users" WHERE "users"."uid" = $1 LIMIT 1[0m  [["uid", 204545332]]
D, [2016-04-22T11:29:35.769175 #65455] DEBUG -- :   [1m[36mUser Load (0.3ms)[0m  [1mSELECT  "users".* FROM "users" WHERE "users"."uid" = $1 LIMIT 1[0m  [["uid", 204545332]]
D, [2016-04-22T11:30:10.430464 #65759] DEBUG -- :   [1m[36mUser Load (0.2ms)[0m  [1mSELECT  "users".* FROM "users" WHERE "users"."uid" = $1 LIMIT 1[0m  [["uid", 204545332]]
D, [2016-04-22T11:31:48.139832 #65974] DEBUG -- :   [1m[36mUser Load (0.2ms)[0m  [1mSELECT  "users".* FROM "users" WHERE "users"."uid" = $1 LIMIT 1[0m  [["uid", 204545332]]
D, [2016-04-22T11:33:26.725265 #66307] DEBUG -- :   [1m[36mUser Load (0.3ms)[0m  [1mSELECT  "users".* FROM "users" WHERE "users"."uid" = $1 LIMIT 1[0m  [["uid", 204545332]]
D, [2016-04-22T11:33:36.607276 #66350] DEBUG -- :   [1m[36mUser Load (0.2ms)[0m  [1mSELECT  "users".* FROM "users" WHERE "users"."uid" = $1 LIMIT 1[0m  [["uid", 204545332]]
D, [2016-04-22T11:34:15.571378 #66521] DEBUG -- :   [1m[36mUser Load (0.3ms)[0m  [1mSELECT  "users".* FROM "users" WHERE "users"."uid" = $1 LIMIT 1[0m  [["uid", 204545332]]
D, [2016-04-22T11:49:03.665701 #69141] DEBUG -- :   [1m[36mUser Load (0.3ms)[0m  [1mSELECT  "users".* FROM "users" WHERE "users"."uid" = $1 LIMIT 1[0m  [["uid", 204545332]]
D, [2016-04-22T11:49:06.113800 #69141] DEBUG -- :   [1m[35mUser Load (0.3ms)[0m  SELECT  "users".* FROM "users" WHERE "users"."uid" = $1 LIMIT 1  [["uid", 204545332]]
D, [2016-04-22T11:49:07.750739 #69141] DEBUG -- :   [1m[36mUser Load (0.4ms)[0m  [1mSELECT  "users".* FROM "users" WHERE "users"."uid" = $1 LIMIT 1[0m  [["uid", 204545332]]
D, [2016-04-22T11:49:58.232585 #69359] DEBUG -- :   [1m[36mUser Load (0.2ms)[0m  [1mSELECT  "users".* FROM "users" WHERE "users"."uid" = $1 LIMIT 1[0m  [["uid", 204545332]]
D, [2016-04-22T11:50:01.888274 #69359] DEBUG -- :   [1m[35mUser Load (0.3ms)[0m  SELECT  "users".* FROM "users" WHERE "users"."uid" = $1 LIMIT 1  [["uid", 204545332]]
D, [2016-04-22T11:50:01.947209 #69359] DEBUG -- :   [1m[36m (1.4ms)[0m  [1mBEGIN[0m
D, [2016-04-22T11:50:01.953665 #69359] DEBUG -- :   [1m[35mSQL (0.4ms)[0m  INSERT INTO "users" ("uid") VALUES ($1) RETURNING "id"  [["uid", 204545332]]
D, [2016-04-22T11:50:01.966428 #69359] DEBUG -- :   [1m[36m (12.3ms)[0m  [1mCOMMIT[0m
D, [2016-04-22T11:51:58.888756 #69858] DEBUG -- :   [1m[36mUser Load (0.3ms)[0m  [1mSELECT  "users".* FROM "users" WHERE "users"."uid" = $1 LIMIT 1[0m  [["uid", 204545332]]
D, [2016-04-22T11:52:00.574591 #69858] DEBUG -- :   [1m[35mUser Load (0.4ms)[0m  SELECT  "users".* FROM "users" WHERE "users"."uid" = $1 LIMIT 1  [["uid", 204545332]]
D, [2016-04-22T11:52:13.000581 #69858] DEBUG -- :   [1m[36mUser Load (1.9ms)[0m  [1mSELECT  "users".* FROM "users" WHERE "users"."uid" = $1 LIMIT 1[0m  [["uid", 204545332]]
D, [2016-04-22T11:52:14.299339 #69858] DEBUG -- :   [1m[35m (0.2ms)[0m  BEGIN
D, [2016-04-22T11:52:14.304571 #69858] DEBUG -- :   [1m[36mSQL (0.2ms)[0m  [1mUPDATE "users" SET "instagram_token" = $1 WHERE "users"."id" = $2[0m  [["instagram_token", "351569897.40f62ee.47711425b2ce481f8294a41a170c47aa"], ["id", 1]]
D, [2016-04-22T11:52:14.305819 #69858] DEBUG -- :   [1m[35m (1.0ms)[0m  COMMIT
D, [2016-04-22T11:52:15.238882 #69858] DEBUG -- :   [1m[36mUser Load (0.4ms)[0m  [1mSELECT  "users".* FROM "users" WHERE "users"."uid" = $1 LIMIT 1[0m  [["uid", 204545332]]
D, [2016-04-22T11:53:40.152877 #70201] DEBUG -- :   [1m[36mUser Load (0.3ms)[0m  [1mSELECT  "users".* FROM "users" WHERE "users"."uid" = $1 LIMIT 1[0m  [["uid", 204545332]]
D, [2016-04-22T11:53:51.551114 #70201] DEBUG -- :   [1m[35mUser Load (0.5ms)[0m  SELECT  "users".* FROM "users" WHERE "users"."uid" = $1 LIMIT 1  [["uid", 204545332]]
D, [2016-04-22T11:53:52.980606 #70201] DEBUG -- :   [1m[36mUser Load (0.3ms)[0m  [1mSELECT  "users".* FROM "users" WHERE "users"."uid" = $1 LIMIT 1[0m  [["uid", 204545332]]
D, [2016-04-22T11:54:19.724668 #70377] DEBUG -- :   [1m[36mUser Load (0.2ms)[0m  [1mSELECT  "users".* FROM "users" WHERE "users"."uid" = $1 LIMIT 1[0m  [["uid", 204545332]]
D, [2016-04-22T11:54:51.415363 #70462] DEBUG -- :   [1m[36mUser Load (0.4ms)[0m  [1mSELECT  "users".* FROM "users" WHERE "users"."uid" = $1 LIMIT 1[0m  [["uid", 204545332]]
D, [2016-04-22T11:54:53.162932 #70462] DEBUG -- :   [1m[35mUser Load (2.0ms)[0m  SELECT  "users".* FROM "users" WHERE "users"."uid" = $1 LIMIT 1  [["uid", 204545332]]
D, [2016-04-22T11:54:53.173761 #70462] DEBUG -- :   [1m[36m (0.2ms)[0m  [1mBEGIN[0m
D, [2016-04-22T11:54:53.177765 #70462] DEBUG -- :   [1m[35mSQL (0.4ms)[0m  INSERT INTO "users" ("uid") VALUES ($1) RETURNING "id"  [["uid", 204545332]]
D, [2016-04-22T11:54:53.184471 #70462] DEBUG -- :   [1m[36m (6.1ms)[0m  [1mCOMMIT[0m
D, [2016-04-22T11:54:56.831447 #70462] DEBUG -- :   [1m[35mUser Load (0.4ms)[0m  SELECT  "users".* FROM "users" WHERE "users"."uid" = $1 LIMIT 1  [["uid", 204545332]]
D, [2016-04-22T11:54:57.972327 #70462] DEBUG -- :   [1m[36m (0.2ms)[0m  [1mBEGIN[0m
D, [2016-04-22T11:54:57.974606 #70462] DEBUG -- :   [1m[35mSQL (0.2ms)[0m  UPDATE "users" SET "instagram_token" = $1 WHERE "users"."id" = $2  [["instagram_token", "351569897.40f62ee.47711425b2ce481f8294a41a170c47aa"], ["id", 1]]
D, [2016-04-22T11:54:57.975752 #70462] DEBUG -- :   [1m[36m (0.9ms)[0m  [1mCOMMIT[0m
D, [2016-04-22T11:54:58.894808 #70462] DEBUG -- :   [1m[35mUser Load (0.3ms)[0m  SELECT  "users".* FROM "users" WHERE "users"."uid" = $1 LIMIT 1  [["uid", 204545332]]
D, [2016-04-22T12:02:27.741832 #70462] DEBUG -- :   [1m[36mUser Load (0.4ms)[0m  [1mSELECT  "users".* FROM "users" WHERE "users"."uid" = $1 LIMIT 1[0m  [["uid", 204545332]]
D, [2016-04-22T12:02:53.658171 #70462] DEBUG -- :   [1m[35mUser Load (0.3ms)[0m  SELECT  "users".* FROM "users" WHERE "users"."uid" = $1 LIMIT 1  [["uid", 204545332]]
D, [2016-04-22T12:08:13.828135 #72815] DEBUG -- :   [1m[36mUser Load (0.5ms)[0m  [1mSELECT  "users".* FROM "users" WHERE "users"."uid" = $1 LIMIT 1[0m  [["uid", 204545332]]
